<?xml version="1.0" encoding="UTF-8"?>
<!-- Generated by org.testng.reporters.JUnitXMLReporter -->
<testsuite hostname="vaibhav" name="Default test" tests="3" failures="0" timestamp="29 Feb 2016 05:45:49 GMT" time="0.057" errors="0">
  <testcase name="method1" time="0.021" classname="TestNGgrouping.Grouping"/>
  <testcase name="method2" time="0.003" classname="TestNGgrouping.Grouping"/>
  <testcase name="method3" time="0.001" classname="TestNGgrouping.Grouping"/>
</testsuite> <!-- Default test -->
