<?xml version="1.0" encoding="UTF-8"?>
<!-- Generated by org.testng.reporters.JUnitXMLReporter -->
<testsuite hostname="vaibhav" name="Basic test" tests="6" failures="0" timestamp="29 Feb 2016 05:41:24 GMT" time="0.096" errors="0">
  <testcase name="signUpEmail" time="0.019" classname="TestNg.Batch.SignUpTest"/>
  <testcase name="signUpFacebook" time="0.001" classname="TestNg.Batch.SignUpTest"/>
  <testcase name="signUpTwitter" time="0.001" classname="TestNg.Batch.SignUpTest"/>
  <testcase name="LoginViaEmail" time="0.004" classname="TestNg.Batch.LoginTest"/>
  <testcase name="LoginViaFacebook" time="0.003" classname="TestNg.Batch.LoginTest"/>
  <testcase name="LoginViaTwitter" time="0.0" classname="TestNg.Batch.LoginTest"/>
</testsuite> <!-- Basic test -->
