<?xml version="1.0" encoding="UTF-8"?>
<!-- Generated by org.testng.reporters.JUnitXMLReporter -->
<testsuite hostname="vaibhav" name="Pay test" tests="3" failures="0" timestamp="29 Feb 2016 00:01:28 GMT" time="0.067" errors="0">
  <testcase name="PayinDollar" time="0.027" classname="TestNg.Batch.PaymentTest"/>
  <testcase name="PayinEuros" time="0.001" classname="TestNg.Batch.PaymentTest"/>
  <testcase name="payReturnFromBank" time="0.001" classname="TestNg.Batch.PayReturn"/>
</testsuite> <!-- Pay test -->
