<?xml version="1.0" encoding="UTF-8"?>
<testng-results skipped="0" failed="0" total="3" passed="3">
  <reporter-output>
  </reporter-output>
  <suite name="Default suite" duration-ms="57" started-at="2016-02-29T05:45:49Z" finished-at="2016-02-29T05:45:49Z">
    <groups>
      <group name="performance">
        <method signature="Grouping.method1()[pri:0, instance:TestNGgrouping.Grouping@47d384ee]" name="method1" class="TestNGgrouping.Grouping"/>
        <method signature="Grouping.method3()[pri:0, instance:TestNGgrouping.Grouping@47d384ee]" name="method3" class="TestNGgrouping.Grouping"/>
      </group> <!-- performance -->
      <group name="regression">
        <method signature="Grouping.method2()[pri:0, instance:TestNGgrouping.Grouping@47d384ee]" name="method2" class="TestNGgrouping.Grouping"/>
        <method signature="Grouping.method3()[pri:0, instance:TestNGgrouping.Grouping@47d384ee]" name="method3" class="TestNGgrouping.Grouping"/>
      </group> <!-- regression -->
    </groups>
    <test name="Default test" duration-ms="57" started-at="2016-02-29T05:45:49Z" finished-at="2016-02-29T05:45:49Z">
      <class name="TestNGgrouping.Grouping">
        <test-method status="PASS" signature="method1()[pri:0, instance:TestNGgrouping.Grouping@47d384ee]" name="method1" duration-ms="21" started-at="2016-02-28T21:45:49Z" finished-at="2016-02-28T21:45:49Z">
          <reporter-output>
          </reporter-output>
        </test-method> <!-- method1 -->
        <test-method status="PASS" signature="method2()[pri:0, instance:TestNGgrouping.Grouping@47d384ee]" name="method2" duration-ms="3" started-at="2016-02-28T21:45:49Z" finished-at="2016-02-28T21:45:49Z">
          <reporter-output>
          </reporter-output>
        </test-method> <!-- method2 -->
        <test-method status="PASS" signature="method3()[pri:0, instance:TestNGgrouping.Grouping@47d384ee]" name="method3" duration-ms="1" started-at="2016-02-28T21:45:49Z" finished-at="2016-02-28T21:45:49Z">
          <reporter-output>
          </reporter-output>
        </test-method> <!-- method3 -->
      </class> <!-- TestNGgrouping.Grouping -->
    </test> <!-- Default test -->
  </suite> <!-- Default suite -->
</testng-results>
